\BOOKMARK [0][-]{chapter.3}{\376\377\000I\000n\000t\000r\000o\000d\000u\000\347\000\343\000o\000\040\000\340\000\040\000F\000\355\000s\000i\000c\000a\000:\000\040\000G\000r\000a\000n\000d\000e\000z\000a\000s\000\040\000F\000\355\000s\000i\000c\000a\000s}{}% 1
\BOOKMARK [1][-]{section.4}{\376\377\000F\000e\000n\000\364\000m\000e\000n\000o\000s\000\040\000O\000b\000s\000e\000r\000v\000\341\000v\000e\000i\000s}{chapter.3}% 2
\BOOKMARK [1][-]{section.5}{\376\377\000O\000\040\000S\000i\000s\000t\000e\000m\000a\000\040\000I\000n\000t\000e\000r\000n\000a\000c\000i\000o\000n\000a\000l\000\040\000d\000e\000\040\000U\000n\000i\000d\000a\000d\000e\000s\000\040\000\050\000S\000I\000\051}{chapter.3}% 3
\BOOKMARK [2][-]{subsection.8}{\376\377\000C\000o\000n\000v\000e\000r\000s\000\343\000o\000\040\000d\000e\000\040\000U\000n\000i\000d\000a\000d\000e\000s\000\040\000e\000\040\000R\000e\000g\000r\000a\000\040\000d\000e\000\040\000T\000r\000\352\000s}{section.5}% 4
\BOOKMARK [2][-]{subsection.9}{\376\377\000M\000\351\000t\000o\000d\000o\000\040\000d\000o\000\040\000F\000a\000t\000o\000r\000\040\000d\000e\000\040\000C\000o\000n\000v\000e\000r\000s\000\343\000o\000\040\000\050\000C\000a\000n\000c\000e\000l\000a\000m\000e\000n\000t\000o\000\040\000d\000e\000\040\000U\000n\000i\000d\000a\000d\000e\000s\000\051}{section.5}% 5
\BOOKMARK [1][-]{section.10}{\376\377\000N\000o\000t\000a\000\347\000\343\000o\000\040\000C\000i\000e\000n\000t\000\355\000f\000i\000c\000a}{chapter.3}% 6
\BOOKMARK [1][-]{section.18}{\376\377\000O\000r\000d\000e\000m\000\040\000d\000e\000\040\000G\000r\000a\000n\000d\000e\000z\000a}{chapter.3}% 7
\BOOKMARK [1][-]{section.21}{\376\377\000Q\000u\000e\000s\000t\000\365\000e\000s\000\040\000C\000o\000n\000c\000e\000i\000t\000u\000a\000i\000s}{chapter.3}% 8
\BOOKMARK [1][-]{section.26}{\376\377\000E\000x\000e\000r\000c\000\355\000c\000i\000o\000s\000\040\000d\000e\000\040\000F\000i\000x\000a\000\347\000\343\000o}{chapter.3}% 9
\BOOKMARK [1][-]{section.46}{\376\377\000P\000r\000o\000b\000l\000e\000m\000a\000s\000\040\000A\000p\000l\000i\000c\000a\000d\000o\000s}{chapter.3}% 10
\BOOKMARK [0][-]{chapter.55}{\376\377\000C\000i\000n\000e\000m\000\341\000t\000i\000c\000a}{}% 11
\BOOKMARK [1][-]{section.56}{\376\377\000C\000o\000n\000c\000e\000i\000t\000o\000s\000\040\000F\000u\000n\000d\000a\000m\000e\000n\000t\000a\000i\000s}{chapter.55}% 12
\BOOKMARK [2][-]{subsection.57}{\376\377\000R\000e\000f\000e\000r\000e\000n\000c\000i\000a\000l\000\040\000e\000\040\000S\000i\000s\000t\000e\000m\000a\000s\000\040\000d\000e\000\040\000C\000o\000o\000r\000d\000e\000n\000a\000d\000a\000s}{section.56}% 13
\BOOKMARK [2][-]{subsection.62}{\376\377\000P\000o\000n\000t\000o\000\040\000M\000a\000t\000e\000r\000i\000a\000l\000\040\000e\000\040\000C\000o\000r\000p\000o\000\040\000E\000x\000t\000e\000n\000s\000o}{section.56}% 14
\BOOKMARK [2][-]{subsection.65}{\376\377\000T\000r\000a\000j\000e\000t\000\363\000r\000i\000a}{section.56}% 15
\BOOKMARK [1][-]{section.66}{\376\377\000T\000i\000p\000o\000s\000\040\000d\000e\000\040\000M\000o\000v\000i\000m\000e\000n\000t\000o}{chapter.55}% 16
\BOOKMARK [1][-]{section.68}{\376\377\000V\000e\000l\000o\000c\000i\000d\000a\000d\000e}{chapter.55}% 17
\BOOKMARK [2][-]{subsection.69}{\376\377\000V\000e\000l\000o\000c\000i\000d\000a\000d\000e\000\040\000I\000n\000s\000t\000a\000n\000t\000\342\000n\000e\000a}{section.68}% 18
\BOOKMARK [1][-]{section.71}{\376\377\000V\000e\000l\000o\000c\000i\000d\000a\000d\000e\000\040\000R\000e\000l\000a\000t\000i\000v\000a}{chapter.55}% 19
\BOOKMARK [2][-]{subsection.72}{\376\377\000M\000o\000v\000i\000m\000e\000n\000t\000o\000\040\000n\000a\000\040\000m\000e\000s\000m\000a\000\040\000d\000i\000r\000e\000\347\000\343\000o\000\040\000e\000\040\000s\000e\000n\000t\000i\000d\000o}{section.71}% 20
\BOOKMARK [2][-]{subsection.74}{\376\377\000M\000o\000v\000i\000m\000e\000n\000t\000o\000\040\000n\000a\000\040\000m\000e\000s\000m\000a\000\040\000d\000i\000r\000e\000\347\000\343\000o\000\040\000e\000\040\000s\000e\000n\000t\000i\000d\000o\000s\000\040\000o\000p\000o\000s\000t\000o\000s}{section.71}% 21
\BOOKMARK [2][-]{subsection.76}{\376\377\000T\000e\000m\000p\000o\000\040\000d\000e\000\040\000E\000n\000c\000o\000n\000t\000r\000o\000\040\000e\000\040\000U\000l\000t\000r\000a\000p\000a\000s\000s\000a\000g\000e\000m}{section.71}% 22
\BOOKMARK [2][-]{subsection.79}{\376\377\000V\000e\000l\000o\000c\000i\000d\000a\000d\000e\000\040\000E\000s\000c\000a\000l\000a\000r\000\040\000M\000\351\000d\000i\000a}{section.71}% 23
\BOOKMARK [1][-]{section.83}{\376\377\000E\000x\000e\000m\000p\000l\000o\000s\000\040\000d\000e\000\040\000F\000i\000x\000a\000\347\000\343\000o}{chapter.55}% 24
\BOOKMARK [1][-]{section.95}{\376\377\000Q\000u\000e\000s\000t\000\365\000e\000s\000:}{chapter.55}% 25
\BOOKMARK [1][-]{section.108}{\376\377\000E\000x\000e\000r\000c\000\355\000c\000i\000o\000s}{chapter.55}% 26
\BOOKMARK [1][-]{section.131}{\376\377\000P\000r\000o\000b\000l\000e\000m\000a\000s}{chapter.55}% 27
\BOOKMARK [0][-]{chapter.143}{\376\377\000M\000o\000v\000i\000m\000e\000n\000t\000o\000\040\000R\000e\000t\000i\000l\000\355\000n\000e\000o\000\040\000U\000n\000i\000f\000o\000r\000m\000e\000\040\000\050\000M\000R\000U\000\051}{}% 28
\BOOKMARK [1][-]{section.144}{\376\377\000D\000e\000f\000i\000n\000i\000\347\000\343\000o\000\040\000e\000\040\000C\000a\000r\000a\000c\000t\000e\000r\000\355\000s\000t\000i\000c\000a\000s}{chapter.143}% 29
\BOOKMARK [1][-]{section.145}{\376\377\000F\000u\000n\000\347\000\343\000o\000\040\000H\000o\000r\000\341\000r\000i\000a\000\040\000d\000a\000\040\000P\000o\000s\000i\000\347\000\343\000o}{chapter.143}% 30
\BOOKMARK [0][-]{appendix.150}{\376\377\000S\000i\000s\000t\000e\000m\000a\000\040\000I\000n\000t\000e\000r\000n\000a\000c\000i\000o\000n\000a\000l\000\040\000d\000e\000\040\000U\000n\000i\000d\000a\000d\000e\000s}{}% 31
\BOOKMARK [0][-]{appendix.153}{\376\377\000P\000r\000e\000f\000i\000x\000o\000s}{}% 32
\BOOKMARK [0][-]{appendix.155}{\376\377\000A\000l\000f\000a\000b\000e\000t\000o\000\040\000G\000r\000e\000g\000o}{}% 33
\BOOKMARK [0][-]{appendix.157}{\376\377\000F\000a\000t\000o\000r\000e\000s\000\040\000d\000e\000\040\000C\000o\000n\000v\000e\000r\000s\000\343\000o}{}% 34
\BOOKMARK [0][-]{appendix.160}{\376\377\000C\000o\000n\000s\000t\000a\000n\000t\000e\000s\000\040\000F\000\355\000s\000i\000c\000a\000s\000\040\000F\000u\000n\000d\000a\000m\000e\000n\000t\000a\000i\000s}{}% 35
\BOOKMARK [1][-]{section.161}{\376\377\000C\000o\000n\000s\000t\000a\000n\000t\000e\000s\000\040\000U\000n\000i\000v\000e\000r\000s\000a\000i\000s}{appendix.160}% 36
\BOOKMARK [1][-]{section.163}{\376\377\000P\000r\000o\000p\000r\000i\000e\000d\000a\000d\000e\000s\000\040\000T\000\351\000r\000m\000i\000c\000a\000s\000\040\000d\000a\000\040\000M\000a\000t\000\351\000r\000i\000a}{appendix.160}% 37
